<?xml version="1.0" encoding="UTF-8"?>
<robot generator="Robot 4.0.1 (Python 3.8.5 on win32)" generated="20210524 03:50:44.803" rpa="false" schemaversion="2">
<suite id="s1" name="Call Hub" source="C:\Users\Chiu\PycharmProjects\API_Automation\Call_Hub.robot">
<test id="s1-t1" name="Validate the pricing of various subscriptions (Monthly/Quarterly/Half-yearly/Yearly) for all the plans on the page.">
<kw name="Open Browser" library="SeleniumLibrary">
<arg>https://callhub.io/pricing/</arg>
<arg>chrome</arg>
<doc>Opens a new browser instance to the optional ``url``.</doc>
<msg timestamp="20210524 03:50:45.224" level="INFO">Opening browser 'chrome' to base url 'https://callhub.io/pricing/'.</msg>
<status status="PASS" starttime="20210524 03:50:45.224" endtime="20210524 03:51:11.029"/>
</kw>
<kw name="Maximize Browser Window" library="SeleniumLibrary">
<doc>Maximizes current browser window.</doc>
<status status="PASS" starttime="20210524 03:51:11.031" endtime="20210524 03:51:11.673"/>
</kw>
<kw name="Verify correct subscription option under monthly is shown">
<kw name="Wait Until Element Is Visible" library="SeleniumLibrary">
<arg>//*[text()='Monthly']/parent::li</arg>
<arg>30</arg>
<doc>Waits until the element ``locator`` is visible.</doc>
<status status="PASS" starttime="20210524 03:51:11.674" endtime="20210524 03:51:14.811"/>
</kw>
<kw name="Wait Until Element Is Enabled" library="SeleniumLibrary">
<arg>//*[text()='Monthly']/parent::li</arg>
<arg>30</arg>
<doc>Waits until the element ``locator`` is enabled.</doc>
<status status="PASS" starttime="20210524 03:51:14.812" endtime="20210524 03:51:14.838"/>
</kw>
<kw name="Click Element" library="SeleniumLibrary">
<arg>//*[text()='Monthly']/parent::li</arg>
<doc>Click the element identified by ``locator``.</doc>
<msg timestamp="20210524 03:51:14.839" level="INFO">Clicking element '//*[text()='Monthly']/parent::li'.</msg>
<status status="PASS" starttime="20210524 03:51:14.839" endtime="20210524 03:51:15.003"/>
</kw>
<kw name="Wait Until Element Is Visible" library="SeleniumLibrary">
<arg>//tbody/tr/td[3]/div[2]/h3[1]</arg>
<arg>120</arg>
<doc>Waits until the element ``locator`` is visible.</doc>
<status status="PASS" starttime="20210524 03:51:15.003" endtime="20210524 03:51:15.037"/>
</kw>
<kw name="Get Text" library="SeleniumLibrary">
<var>${monthly_plan_1}</var>
<arg>//tbody/tr/td[3]/div[2]/h3[1]</arg>
<doc>Returns the text value of the element identified by ``locator``.</doc>
<msg timestamp="20210524 03:51:15.077" level="INFO">${monthly_plan_1} = $199.98/mo </msg>
<status status="PASS" starttime="20210524 03:51:15.038" endtime="20210524 03:51:15.077"/>
</kw>
<kw name="Should Be True" library="BuiltIn">
<arg>'${monthly_plan_1}'=='$199.98/mo '</arg>
<doc>Fails if the given condition is not true.</doc>
<status status="PASS" starttime="20210524 03:51:15.077" endtime="20210524 03:51:15.086"/>
</kw>
<kw name="Wait Until Element Is Visible" library="SeleniumLibrary">
<arg>//tbody/tr/td[4]/div[2]/h3[1]</arg>
<arg>120</arg>
<doc>Waits until the element ``locator`` is visible.</doc>
<status status="PASS" starttime="20210524 03:51:15.086" endtime="20210524 03:51:15.116"/>
</kw>
<kw name="Get Text" library="SeleniumLibrary">
<var>${monthly_plan_2}</var>
<arg>//tbody/tr/td[4]/div[2]/h3[1]</arg>
<doc>Returns the text value of the element identified by ``locator``.</doc>
<msg timestamp="20210524 03:51:15.151" level="INFO">${monthly_plan_2} = $499.95/mo </msg>
<status status="PASS" starttime="20210524 03:51:15.116" endtime="20210524 03:51:15.151"/>
</kw>
<kw name="Should Be True" library="BuiltIn">
<arg>'${monthly_plan_2}'=='$499.95/mo '</arg>
<doc>Fails if the given condition is not true.</doc>
<status status="PASS" starttime="20210524 03:51:15.151" endtime="20210524 03:51:15.152"/>
</kw>
<status status="PASS" starttime="20210524 03:51:11.674" endtime="20210524 03:51:15.152"/>
</kw>
<kw name="Verify correct subscription option under quarterly is shown">
<kw name="Wait Until Element Is Visible" library="SeleniumLibrary">
<arg>//*[text()='Quarterly']/parent::li</arg>
<arg>30</arg>
<doc>Waits until the element ``locator`` is visible.</doc>
<status status="PASS" starttime="20210524 03:51:15.153" endtime="20210524 03:51:15.189"/>
</kw>
<kw name="Wait Until Element Is Enabled" library="SeleniumLibrary">
<arg>//*[text()='Quarterly']/parent::li</arg>
<arg>30</arg>
<doc>Waits until the element ``locator`` is enabled.</doc>
<status status="PASS" starttime="20210524 03:51:15.189" endtime="20210524 03:51:15.221"/>
</kw>
<kw name="Click Element" library="SeleniumLibrary">
<arg>//*[text()='Quarterly']/parent::li</arg>
<doc>Click the element identified by ``locator``.</doc>
<msg timestamp="20210524 03:51:15.222" level="INFO">Clicking element '//*[text()='Quarterly']/parent::li'.</msg>
<status status="PASS" starttime="20210524 03:51:15.221" endtime="20210524 03:51:15.346"/>
</kw>
<kw name="Wait Until Element Is Visible" library="SeleniumLibrary">
<arg>//tbody/tr/td[3]/div[2]/h3[1]</arg>
<arg>120</arg>
<doc>Waits until the element ``locator`` is visible.</doc>
<status status="PASS" starttime="20210524 03:51:15.346" endtime="20210524 03:51:15.383"/>
</kw>
<kw name="Get Text" library="SeleniumLibrary">
<var>${quarterly_plan_1}</var>
<arg>//tbody/tr/td[3]/div[2]/h3[1]</arg>
<doc>Returns the text value of the element identified by ``locator``.</doc>
<msg timestamp="20210524 03:51:15.518" level="INFO">${quarterly_plan_1} = $189.98/mo  $199.98</msg>
<status status="PASS" starttime="20210524 03:51:15.383" endtime="20210524 03:51:15.518"/>
</kw>
<kw name="Get Text" library="SeleniumLibrary">
<var>${unwanted}</var>
<arg>//tbody/tr/td[3]/div[2]/h3[1]//sub/del</arg>
<doc>Returns the text value of the element identified by ``locator``.</doc>
<msg timestamp="20210524 03:51:15.617" level="INFO">${unwanted} = $199.98</msg>
<status status="PASS" starttime="20210524 03:51:15.518" endtime="20210524 03:51:15.617"/>
</kw>
<kw name="Remove String" library="String">
<var>${quarterly_plan_1}</var>
<arg>${quarterly_plan_1}</arg>
<arg>${unwanted}</arg>
<arg>${SPACE}</arg>
<arg>'</arg>
<doc>Removes all ``removables`` from the given ``string``.</doc>
<msg timestamp="20210524 03:51:15.618" level="INFO">${quarterly_plan_1} = $189.98/mo</msg>
<status status="PASS" starttime="20210524 03:51:15.617" endtime="20210524 03:51:15.618"/>
</kw>
<kw name="Convert To String" library="BuiltIn">
<var>${quarterly_plan_1}</var>
<arg>${quarterly_plan_1}</arg>
<doc>Converts the given item to a Unicode string.</doc>
<msg timestamp="20210524 03:51:15.619" level="INFO">${quarterly_plan_1} = $189.98/mo</msg>
<status status="PASS" starttime="20210524 03:51:15.618" endtime="20210524 03:51:15.619"/>
</kw>
<kw name="Should Be True" library="BuiltIn">
<arg>'${quarterly_plan_1}'=='$189.98/mo'</arg>
<doc>Fails if the given condition is not true.</doc>
<status status="PASS" starttime="20210524 03:51:15.619" endtime="20210524 03:51:15.620"/>
</kw>
<kw name="Wait Until Element Is Visible" library="SeleniumLibrary">
<arg>//tbody/tr/td[4]/div[2]/h3[1]</arg>
<arg>120</arg>
<doc>Waits until the element ``locator`` is visible.</doc>
<status status="PASS" starttime="20210524 03:51:15.620" endtime="20210524 03:51:15.647"/>
</kw>
<kw name="Get Text" library="SeleniumLibrary">
<var>${quarterly_plan_2}</var>
<arg>//tbody/tr/td[4]/div[2]/h3[1]</arg>
<doc>Returns the text value of the element identified by ``locator``.</doc>
<msg timestamp="20210524 03:51:15.675" level="INFO">${quarterly_plan_2} = $474.95/mo  $499.95</msg>
<status status="PASS" starttime="20210524 03:51:15.647" endtime="20210524 03:51:15.675"/>
</kw>
<kw name="Get Text" library="SeleniumLibrary">
<var>${unwanted2}</var>
<arg>//tbody/tr/td[4]/div[2]/h3[1]//sub/del</arg>
<doc>Returns the text value of the element identified by ``locator``.</doc>
<msg timestamp="20210524 03:51:15.705" level="INFO">${unwanted2} = $499.95</msg>
<status status="PASS" starttime="20210524 03:51:15.675" endtime="20210524 03:51:15.705"/>
</kw>
<kw name="Remove String" library="String">
<var>${quarterly_plan_2}</var>
<arg>${quarterly_plan_2}</arg>
<arg>${unwanted2}</arg>
<arg>${SPACE}</arg>
<arg>'</arg>
<doc>Removes all ``removables`` from the given ``string``.</doc>
<msg timestamp="20210524 03:51:15.920" level="INFO">${quarterly_plan_2} = $474.95/mo</msg>
<status status="PASS" starttime="20210524 03:51:15.705" endtime="20210524 03:51:15.920"/>
</kw>
<kw name="Convert To String" library="BuiltIn">
<var>${quarterly_plan_2}</var>
<arg>${quarterly_plan_2}</arg>
<doc>Converts the given item to a Unicode string.</doc>
<msg timestamp="20210524 03:51:15.921" level="INFO">${quarterly_plan_2} = $474.95/mo</msg>
<status status="PASS" starttime="20210524 03:51:15.920" endtime="20210524 03:51:15.921"/>
</kw>
<kw name="Should Be True" library="BuiltIn">
<arg>'${quarterly_plan_2}'=='$474.95/mo'</arg>
<doc>Fails if the given condition is not true.</doc>
<status status="PASS" starttime="20210524 03:51:15.921" endtime="20210524 03:51:15.923"/>
</kw>
<status status="PASS" starttime="20210524 03:51:15.152" endtime="20210524 03:51:15.923"/>
</kw>
<kw name="Verify correct subscription option under half-yearly is shown">
<kw name="Wait Until Element Is Visible" library="SeleniumLibrary">
<arg>//*[text()='Half-yearly']/parent::li</arg>
<arg>30</arg>
<doc>Waits until the element ``locator`` is visible.</doc>
<status status="PASS" starttime="20210524 03:51:15.926" endtime="20210524 03:51:15.973"/>
</kw>
<kw name="Wait Until Element Is Enabled" library="SeleniumLibrary">
<arg>//*[text()='Half-yearly']/parent::li</arg>
<arg>30</arg>
<doc>Waits until the element ``locator`` is enabled.</doc>
<status status="PASS" starttime="20210524 03:51:15.973" endtime="20210524 03:51:16.003"/>
</kw>
<kw name="Click Element" library="SeleniumLibrary">
<arg>//*[text()='Half-yearly']/parent::li</arg>
<doc>Click the element identified by ``locator``.</doc>
<msg timestamp="20210524 03:51:16.004" level="INFO">Clicking element '//*[text()='Half-yearly']/parent::li'.</msg>
<status status="PASS" starttime="20210524 03:51:16.004" endtime="20210524 03:51:16.096"/>
</kw>
<kw name="Wait Until Element Is Visible" library="SeleniumLibrary">
<arg>//tbody/tr/td[3]/div[2]/h3[1]</arg>
<arg>120</arg>
<doc>Waits until the element ``locator`` is visible.</doc>
<status status="PASS" starttime="20210524 03:51:16.096" endtime="20210524 03:51:16.118"/>
</kw>
<kw name="Get Text" library="SeleniumLibrary">
<var>${Half-yearly_1}</var>
<arg>//tbody/tr/td[3]/div[2]/h3[1]</arg>
<doc>Returns the text value of the element identified by ``locator``.</doc>
<msg timestamp="20210524 03:51:16.140" level="INFO">${Half-yearly_1} = $185.98/mo  $199.98</msg>
<status status="PASS" starttime="20210524 03:51:16.118" endtime="20210524 03:51:16.140"/>
</kw>
<kw name="Get Text" library="SeleniumLibrary">
<var>${unwanted}</var>
<arg>//tbody/tr/td[3]/div[2]/h3[1]//sub/del</arg>
<doc>Returns the text value of the element identified by ``locator``.</doc>
<msg timestamp="20210524 03:51:16.158" level="INFO">${unwanted} = $199.98</msg>
<status status="PASS" starttime="20210524 03:51:16.140" endtime="20210524 03:51:16.158"/>
</kw>
<kw name="Remove String" library="String">
<var>${Half-yearly_1}</var>
<arg>${Half-yearly_1}</arg>
<arg>${unwanted}</arg>
<arg>${SPACE}</arg>
<arg>'</arg>
<doc>Removes all ``removables`` from the given ``string``.</doc>
<msg timestamp="20210524 03:51:16.159" level="INFO">${Half-yearly_1} = $185.98/mo</msg>
<status status="PASS" starttime="20210524 03:51:16.158" endtime="20210524 03:51:16.159"/>
</kw>
<kw name="Convert To String" library="BuiltIn">
<var>${Half-yearly_1}</var>
<arg>${Half-yearly_1}</arg>
<doc>Converts the given item to a Unicode string.</doc>
<msg timestamp="20210524 03:51:16.159" level="INFO">${Half-yearly_1} = $185.98/mo</msg>
<status status="PASS" starttime="20210524 03:51:16.159" endtime="20210524 03:51:16.159"/>
</kw>
<kw name="Should Be True" library="BuiltIn">
<arg>'${Half-yearly_1}'=='$185.98/mo'</arg>
<doc>Fails if the given condition is not true.</doc>
<status status="PASS" starttime="20210524 03:51:16.160" endtime="20210524 03:51:16.160"/>
</kw>
<kw name="Wait Until Element Is Visible" library="SeleniumLibrary">
<arg>//tbody/tr/td[4]/div[2]/h3[1]</arg>
<arg>120</arg>
<doc>Waits until the element ``locator`` is visible.</doc>
<status status="PASS" starttime="20210524 03:51:16.160" endtime="20210524 03:51:16.180"/>
</kw>
<kw name="Get Text" library="SeleniumLibrary">
<var>${Half-yearly_2}</var>
<arg>//tbody/tr/td[4]/div[2]/h3[1]</arg>
<doc>Returns the text value of the element identified by ``locator``.</doc>
<msg timestamp="20210524 03:51:16.203" level="INFO">${Half-yearly_2} = $464.95/mo  $499.95</msg>
<status status="PASS" starttime="20210524 03:51:16.181" endtime="20210524 03:51:16.203"/>
</kw>
<kw name="Get Text" library="SeleniumLibrary">
<var>${unwanted2}</var>
<arg>//tbody/tr/td[4]/div[2]/h3[1]//sub/del</arg>
<doc>Returns the text value of the element identified by ``locator``.</doc>
<msg timestamp="20210524 03:51:16.221" level="INFO">${unwanted2} = $499.95</msg>
<status status="PASS" starttime="20210524 03:51:16.203" endtime="20210524 03:51:16.222"/>
</kw>
<kw name="Remove String" library="String">
<var>${Half-yearly_2}</var>
<arg>${Half-yearly_2}</arg>
<arg>${unwanted2}</arg>
<arg>${SPACE}</arg>
<arg>'</arg>
<doc>Removes all ``removables`` from the given ``string``.</doc>
<msg timestamp="20210524 03:51:16.223" level="INFO">${Half-yearly_2} = $464.95/mo</msg>
<status status="PASS" starttime="20210524 03:51:16.222" endtime="20210524 03:51:16.223"/>
</kw>
<kw name="Convert To String" library="BuiltIn">
<var>${Half-yearly_2}</var>
<arg>${Half-yearly_2}</arg>
<doc>Converts the given item to a Unicode string.</doc>
<msg timestamp="20210524 03:51:16.223" level="INFO">${Half-yearly_2} = $464.95/mo</msg>
<status status="PASS" starttime="20210524 03:51:16.223" endtime="20210524 03:51:16.223"/>
</kw>
<kw name="Should Be True" library="BuiltIn">
<arg>'${Half-yearly_2}'=='$464.95/mo'</arg>
<doc>Fails if the given condition is not true.</doc>
<status status="PASS" starttime="20210524 03:51:16.223" endtime="20210524 03:51:16.224"/>
</kw>
<status status="PASS" starttime="20210524 03:51:15.925" endtime="20210524 03:51:16.224"/>
</kw>
<kw name="Verify correct subscription option under yearly is shown">
<kw name="Wait Until Element Is Visible" library="SeleniumLibrary">
<arg>//*[text()='Yearly']/parent::li</arg>
<arg>30</arg>
<doc>Waits until the element ``locator`` is visible.</doc>
<status status="PASS" starttime="20210524 03:51:16.225" endtime="20210524 03:51:16.253"/>
</kw>
<kw name="Wait Until Element Is Enabled" library="SeleniumLibrary">
<arg>//*[text()='Yearly']/parent::li</arg>
<arg>30</arg>
<doc>Waits until the element ``locator`` is enabled.</doc>
<status status="PASS" starttime="20210524 03:51:16.253" endtime="20210524 03:51:16.284"/>
</kw>
<kw name="Click Element" library="SeleniumLibrary">
<arg>//*[text()='Yearly']/parent::li</arg>
<doc>Click the element identified by ``locator``.</doc>
<msg timestamp="20210524 03:51:16.285" level="INFO">Clicking element '//*[text()='Yearly']/parent::li'.</msg>
<status status="PASS" starttime="20210524 03:51:16.284" endtime="20210524 03:51:16.354"/>
</kw>
<kw name="Wait Until Element Is Visible" library="SeleniumLibrary">
<arg>//tbody/tr/td[3]/div[2]/h3[1]</arg>
<arg>120</arg>
<doc>Waits until the element ``locator`` is visible.</doc>
<status status="PASS" starttime="20210524 03:51:16.354" endtime="20210524 03:51:16.375"/>
</kw>
<kw name="Get Text" library="SeleniumLibrary">
<var>${Yearly_1}</var>
<arg>//tbody/tr/td[3]/div[2]/h3[1]</arg>
<doc>Returns the text value of the element identified by ``locator``.</doc>
<msg timestamp="20210524 03:51:16.403" level="INFO">${Yearly_1} = $179.98/mo  $199.96</msg>
<status status="PASS" starttime="20210524 03:51:16.376" endtime="20210524 03:51:16.403"/>
</kw>
<kw name="Get Text" library="SeleniumLibrary">
<var>${unwanted}</var>
<arg>//tbody/tr/td[3]/div[2]/h3[1]//sub/del</arg>
<doc>Returns the text value of the element identified by ``locator``.</doc>
<msg timestamp="20210524 03:51:16.428" level="INFO">${unwanted} = $199.96</msg>
<status status="PASS" starttime="20210524 03:51:16.403" endtime="20210524 03:51:16.429"/>
</kw>
<kw name="Remove String" library="String">
<var>${Yearly_1}</var>
<arg>${Yearly_1}</arg>
<arg>${unwanted}</arg>
<arg>${SPACE}</arg>
<arg>'</arg>
<doc>Removes all ``removables`` from the given ``string``.</doc>
<msg timestamp="20210524 03:51:16.429" level="INFO">${Yearly_1} = $179.98/mo</msg>
<status status="PASS" starttime="20210524 03:51:16.429" endtime="20210524 03:51:16.429"/>
</kw>
<kw name="Convert To String" library="BuiltIn">
<var>${Yearly_1}</var>
<arg>${Yearly_1}</arg>
<doc>Converts the given item to a Unicode string.</doc>
<msg timestamp="20210524 03:51:16.430" level="INFO">${Yearly_1} = $179.98/mo</msg>
<status status="PASS" starttime="20210524 03:51:16.430" endtime="20210524 03:51:16.431"/>
</kw>
<kw name="Should Be True" library="BuiltIn">
<arg>'${Yearly_1}'=='$179.98/mo'</arg>
<doc>Fails if the given condition is not true.</doc>
<status status="PASS" starttime="20210524 03:51:16.431" endtime="20210524 03:51:16.432"/>
</kw>
<kw name="Wait Until Element Is Visible" library="SeleniumLibrary">
<arg>//tbody/tr/td[4]/div[2]/h3[1]</arg>
<arg>120</arg>
<doc>Waits until the element ``locator`` is visible.</doc>
<status status="PASS" starttime="20210524 03:51:16.432" endtime="20210524 03:51:16.500"/>
</kw>
<kw name="Get Text" library="SeleniumLibrary">
<var>${Yearly_2}</var>
<arg>//tbody/tr/td[4]/div[2]/h3[1]</arg>
<doc>Returns the text value of the element identified by ``locator``.</doc>
<msg timestamp="20210524 03:51:16.571" level="INFO">${Yearly_2} = $449.96/mo  $499.95</msg>
<status status="PASS" starttime="20210524 03:51:16.501" endtime="20210524 03:51:16.572"/>
</kw>
<kw name="Get Text" library="SeleniumLibrary">
<var>${unwanted2}</var>
<arg>//tbody/tr/td[4]/div[2]/h3[1]//sub/del</arg>
<doc>Returns the text value of the element identified by ``locator``.</doc>
<msg timestamp="20210524 03:51:16.607" level="INFO">${unwanted2} = $499.95</msg>
<status status="PASS" starttime="20210524 03:51:16.572" endtime="20210524 03:51:16.607"/>
</kw>
<kw name="Remove String" library="String">
<var>${Yearly_2}</var>
<arg>${Yearly_2}</arg>
<arg>${unwanted2}</arg>
<arg>${SPACE}</arg>
<arg>'</arg>
<doc>Removes all ``removables`` from the given ``string``.</doc>
<msg timestamp="20210524 03:51:16.608" level="INFO">${Yearly_2} = $449.96/mo</msg>
<status status="PASS" starttime="20210524 03:51:16.607" endtime="20210524 03:51:16.608"/>
</kw>
<kw name="Convert To String" library="BuiltIn">
<var>${Yearly_2}</var>
<arg>${Yearly_2}</arg>
<doc>Converts the given item to a Unicode string.</doc>
<msg timestamp="20210524 03:51:16.610" level="INFO">${Yearly_2} = $449.96/mo</msg>
<status status="PASS" starttime="20210524 03:51:16.609" endtime="20210524 03:51:16.610"/>
</kw>
<kw name="Should Be True" library="BuiltIn">
<arg>'${Yearly_2}'=='$449.96/mo'</arg>
<doc>Fails if the given condition is not true.</doc>
<status status="PASS" starttime="20210524 03:51:16.610" endtime="20210524 03:51:16.611"/>
</kw>
<status status="PASS" starttime="20210524 03:51:16.225" endtime="20210524 03:51:16.612"/>
</kw>
<kw name="Close Browser" library="SeleniumLibrary" type="TEARDOWN">
<doc>Closes the current browser.</doc>
<status status="PASS" starttime="20210524 03:51:16.613" endtime="20210524 03:51:24.905"/>
</kw>
<tag>DEBUG</tag>
<status status="PASS" starttime="20210524 03:50:45.222" endtime="20210524 03:51:24.906"/>
</test>
<doc>Suite description</doc>
<status status="PASS" starttime="20210524 03:50:44.808" endtime="20210524 03:51:24.908"/>
</suite>
<statistics>
<total>
<stat pass="1" fail="0" skip="0">All Tests</stat>
</total>
<tag>
<stat pass="1" fail="0" skip="0">DEBUG</stat>
</tag>
<suite>
<stat pass="1" fail="0" skip="0" id="s1" name="Call Hub">Call Hub</stat>
</suite>
</statistics>
<errors>
</errors>
</robot>
